<?xml version="1.0" encoding="UTF-8"?>
<testsuite xmlns:xsi="http://www.w3.org/2001/XMLSchema-instance" xsi:noNamespaceSchemaLocation="https://maven.apache.org/surefire/maven-surefire-plugin/xsd/surefire-test-report-3.0.xsd" version="3.0" name="com.blumbit.cursosonlineservice.CursosOnlineServiceApplicationTests" time="24.835" tests="1" errors="0" skipped="0" failures="0">
  <properties>
[...]
</properties>
  <testcase name="contextLoads" classname="com.blumbit.cursosonlineservice.CursosOnlineServiceApplicationTests" time="1.201">
    <system-out><![CDATA[20:48:41.960 [main] INFO org.springframework.test.context.support.AnnotationConfigContextLoaderUtils -- Could not detect default configuration classes for test class [com.blumbit.cursosonlineservice.CursosOnlineServiceApplicationTests]: CursosOnlineServiceApplicationTests does not declare any static, non-private, non-final, nested classes annotated with @Configuration.
20:48:42.233 [main] INFO org.springframework.boot.test.context.SpringBootTestContextBootstrapper -- Found @SpringBootConfiguration com.blumbit.cursosonlineservice.CursosOnlineServiceApplication for test class com.blumbit.cursosonlineservice.CursosOnlineServiceApplicationTests
20:48:42.969 [main] INFO org.springframework.boot.devtools.restart.RestartApplicationListener -- Restart disabled due to context in which it is running

  .   ____          _            __ _ _
 /\\ / ___'_ __ _ _(_)_ __  __ _ \ \ \ \
( ( )\___ | '_ | '_| | '_ \/ _` | \ \ \ \
 \\/  ___)| |_)| | | | | || (_| |  ) ) ) )
  '  |____| .__|_| |_|_| |_\__, | / / / /
 =========|_|==============|___/=/_/_/_/
 :: Spring Boot ::                (v3.2.4)

2024-05-26T20:48:43.670-04:00  INFO 49118 --- [cursos-online-service] [           main] .b.c.CursosOnlineServiceApplicationTests : Starting CursosOnlineServiceApplicationTests using Java 21.0.2 with PID 49118 (started by david in /home/david/Documents/blumbit/spring-angular-v3/cursos-online-service)
2024-05-26T20:48:43.674-04:00  INFO 49118 --- [cursos-online-service] [           main] .b.c.CursosOnlineServiceApplicationTests : No active profile set, falling back to 1 default profile: "default"
2024-05-26T20:48:48.165-04:00  INFO 49118 --- [cursos-online-service] [           main] .s.d.r.c.RepositoryConfigurationDelegate : Bootstrapping Spring Data JPA repositories in DEFAULT mode.
2024-05-26T20:48:48.351-04:00  INFO 49118 --- [cursos-online-service] [           main] .s.d.r.c.RepositoryConfigurationDelegate : Finished Spring Data repository scanning in 169 ms. Found 5 JPA repository interfaces.
2024-05-26T20:48:50.887-04:00  INFO 49118 --- [cursos-online-service] [           main] o.hibernate.jpa.internal.util.LogHelper  : HHH000204: Processing PersistenceUnitInfo [name: default]
2024-05-26T20:48:51.265-04:00  INFO 49118 --- [cursos-online-service] [           main] org.hibernate.Version                    : HHH000412: Hibernate ORM core version 6.4.4.Final
2024-05-26T20:48:51.372-04:00  INFO 49118 --- [cursos-online-service] [           main] o.h.c.internal.RegionFactoryInitiator    : HHH000026: Second-level cache disabled
2024-05-26T20:48:52.394-04:00  INFO 49118 --- [cursos-online-service] [           main] o.s.o.j.p.SpringPersistenceUnitInfo      : No LoadTimeWeaver setup: ignoring JPA class transformer
2024-05-26T20:48:52.548-04:00  INFO 49118 --- [cursos-online-service] [           main] com.zaxxer.hikari.HikariDataSource       : HikariPool-1 - Starting...
2024-05-26T20:48:54.171-04:00  INFO 49118 --- [cursos-online-service] [           main] com.zaxxer.hikari.pool.HikariPool        : HikariPool-1 - Added connection org.postgresql.jdbc.PgConnection@7fb44737
2024-05-26T20:48:54.174-04:00  INFO 49118 --- [cursos-online-service] [           main] com.zaxxer.hikari.HikariDataSource       : HikariPool-1 - Start completed.
2024-05-26T20:48:54.502-04:00  WARN 49118 --- [cursos-online-service] [           main] org.hibernate.orm.deprecation            : HHH90000025: PostgreSQLDialect does not need to be specified explicitly using 'hibernate.dialect' (remove the property setting and it will be selected by default)
2024-05-26T20:48:58.252-04:00  INFO 49118 --- [cursos-online-service] [           main] o.h.e.t.j.p.i.JtaPlatformInitiator       : HHH000489: No JTA platform available (set 'hibernate.transaction.jta.platform' to enable JTA platform integration)
Hibernate: alter table if exists curso drop constraint if exists FK8l40qs4ugbem73ib8vr90qtwa
Hibernate: alter table if exists usuario drop constraint if exists FKrttwlc0klpwecgkp12pvd4n5r
Hibernate: alter table if exists usuario_curso drop constraint if exists FKpx3sy7m0gj3i0ulqpdu6ry7t1
Hibernate: alter table if exists usuario_curso drop constraint if exists FK40xbbcr2lboou77i8ap21t324
Hibernate: drop table if exists categoria cascade
Hibernate: drop table if exists curso cascade
Hibernate: drop table if exists rol cascade
Hibernate: drop table if exists usuario cascade
Hibernate: drop table if exists usuario_curso cascade
Hibernate: drop sequence if exists categoria_seq
Hibernate: drop sequence if exists curso_seq
Hibernate: drop sequence if exists rol_seq
Hibernate: drop sequence if exists usuario_curso_seq
Hibernate: drop sequence if exists usuario_seq
Hibernate: create sequence categoria_seq start with 1 increment by 50
Hibernate: create sequence curso_seq start with 1 increment by 50
Hibernate: create sequence rol_seq start with 1 increment by 50
Hibernate: create sequence usuario_curso_seq start with 1 increment by 50
Hibernate: create sequence usuario_seq start with 1 increment by 50
Hibernate: create table categoria (cat_id smallint not null, estado bool default false, usuario_creacion smallint, cat_nombre varchar(100), cat_correlativo varchar(255), cat_descripcion varchar(255), primary key (cat_id))
Hibernate: create table curso (categoria_cat_id smallint, cur_estado boolean, cur_id smallint not null, cur_banner varchar(255), cur_descripcion varchar(255), cur_nombre varchar(255), primary key (cur_id))
Hibernate: create table rol (rol_id smallint not null, nombre varchar(255), rol_descripcion varchar(255), primary key (rol_id))
Hibernate: create table usuario (rol_rol_id smallint, usu_id smallint not null, usu_is_locked boolean, usu_password varchar(100), usu_avatar varchar(255), usu_usuario varchar(255) unique, primary key (usu_id))
Hibernate: create table usuario_curso (cur_id smallint not null, usu_id smallint not null, usucur_id integer not null, usucur_fecha_registro timestamp(6), primary key (usucur_id))
Hibernate: alter table if exists curso add constraint FK8l40qs4ugbem73ib8vr90qtwa foreign key (categoria_cat_id) references categoria
Hibernate: alter table if exists usuario add constraint FKrttwlc0klpwecgkp12pvd4n5r foreign key (rol_rol_id) references rol
Hibernate: alter table if exists usuario_curso add constraint FKpx3sy7m0gj3i0ulqpdu6ry7t1 foreign key (cur_id) references curso
Hibernate: alter table if exists usuario_curso add constraint FK40xbbcr2lboou77i8ap21t324 foreign key (usu_id) references usuario
2024-05-26T20:49:00.213-04:00  INFO 49118 --- [cursos-online-service] [           main] j.LocalContainerEntityManagerFactoryBean : Initialized JPA EntityManagerFactory for persistence unit 'default'
2024-05-26T20:49:03.184-04:00  WARN 49118 --- [cursos-online-service] [           main] JpaBaseConfiguration$JpaWebConfiguration : spring.jpa.open-in-view is enabled by default. Therefore, database queries may be performed during view rendering. Explicitly configure spring.jpa.open-in-view to disable this warning
2024-05-26T20:49:03.727-04:00  INFO 49118 --- [cursos-online-service] [           main] o.s.s.web.DefaultSecurityFilterChain     : Will secure any request with [org.springframework.security.web.session.DisableEncodeUrlFilter@354ff4f6, org.springframework.security.web.context.request.async.WebAsyncManagerIntegrationFilter@315bb2bb, org.springframework.security.web.context.SecurityContextHolderFilter@41f3f64, org.springframework.security.web.header.HeaderWriterFilter@54351197, org.springframework.web.filter.CorsFilter@57e35236, org.springframework.security.web.authentication.logout.LogoutFilter@32192a69, com.blumbit.cursosonlineservice.util.config.JWTFilter@19877453, org.springframework.security.web.savedrequest.RequestCacheAwareFilter@3956df0a, org.springframework.security.web.servletapi.SecurityContextHolderAwareRequestFilter@739500b8, org.springframework.security.web.authentication.AnonymousAuthenticationFilter@7c9015c6, org.springframework.security.web.session.SessionManagementFilter@7786c2e0, org.springframework.security.web.access.ExceptionTranslationFilter@137a70f1, org.springframework.security.web.access.intercept.AuthorizationFilter@c9234a0]
2024-05-26T20:49:04.551-04:00  INFO 49118 --- [cursos-online-service] [           main] .b.c.CursosOnlineServiceApplicationTests : Started CursosOnlineServiceApplicationTests in 21.618 seconds (process running for 26.663)
Hibernate: select nextval('usuario_seq')
Hibernate: select nextval('usuario_seq')
Hibernate: insert into usuario (usu_avatar,usu_is_locked,usu_password,rol_rol_id,usu_usuario,usu_id) values (?,?,?,?,?,?)
Hibernate: insert into usuario (usu_avatar,usu_is_locked,usu_password,rol_rol_id,usu_usuario,usu_id) values (?,?,?,?,?,?)
Hibernate: insert into usuario (usu_avatar,usu_is_locked,usu_password,rol_rol_id,usu_usuario,usu_id) values (?,?,?,?,?,?)
Hibernate: select nextval('categoria_seq')
Hibernate: select nextval('categoria_seq')
Hibernate: insert into categoria (cat_correlativo,cat_descripcion,cat_nombre,estado,usuario_creacion,cat_id) values (?,?,?,?,?,?)
Hibernate: insert into categoria (cat_correlativo,cat_descripcion,cat_nombre,estado,usuario_creacion,cat_id) values (?,?,?,?,?,?)
Hibernate: insert into categoria (cat_correlativo,cat_descripcion,cat_nombre,estado,usuario_creacion,cat_id) values (?,?,?,?,?,?)
Hibernate: select nextval('curso_seq')
Hibernate: select nextval('curso_seq')
Hibernate: insert into curso (categoria_cat_id,cur_banner,cur_descripcion,cur_estado,cur_nombre,cur_id) values (?,?,?,?,?,?)
Hibernate: insert into curso (categoria_cat_id,cur_banner,cur_descripcion,cur_estado,cur_nombre,cur_id) values (?,?,?,?,?,?)
Hibernate: insert into curso (categoria_cat_id,cur_banner,cur_descripcion,cur_estado,cur_nombre,cur_id) values (?,?,?,?,?,?)
Hibernate: insert into curso (categoria_cat_id,cur_banner,cur_descripcion,cur_estado,cur_nombre,cur_id) values (?,?,?,?,?,?)
Hibernate: insert into curso (categoria_cat_id,cur_banner,cur_descripcion,cur_estado,cur_nombre,cur_id) values (?,?,?,?,?,?)
Hibernate: insert into curso (categoria_cat_id,cur_banner,cur_descripcion,cur_estado,cur_nombre,cur_id) values (?,?,?,?,?,?)
Hibernate: insert into curso (categoria_cat_id,cur_banner,cur_descripcion,cur_estado,cur_nombre,cur_id) values (?,?,?,?,?,?)
]]></system-out>
    <system-err><![CDATA[WARNING: A Java agent has been loaded dynamically (/home/david/.m2/repository/net/bytebuddy/byte-buddy-agent/1.14.12/byte-buddy-agent-1.14.12.jar)
WARNING: If a serviceability tool is in use, please run with -XX:+EnableDynamicAgentLoading to hide this warning
WARNING: If a serviceability tool is not in use, please run with -Djdk.instrument.traceUsage for more information
WARNING: Dynamic loading of agents will be disallowed by default in a future release
]]></system-err>
  </testcase>
</testsuite>